<?xml version="1.0" encoding="UTF-8"?>
<testng-results ignored="0" total="1" passed="1" failed="0" skipped="0">
  <reporter-output>
  </reporter-output>
  <suite started-at="2025-11-08T17:47:23 IST" name="Default suite" finished-at="2025-11-08T17:47:57 IST" duration-ms="34310">
    <groups>
    </groups>
    <test started-at="2025-11-08T17:47:23 IST" name="Default test" finished-at="2025-11-08T17:47:57 IST" duration-ms="34310">
      <class name="Excel_To_Login_multiple.LoginTest_new">
        <test-method signature="loginMultipleUsers()[pri:0, instance:Excel_To_Login_multiple.LoginTest_new@292b08d6]" started-at="2025-11-08T17:47:23 IST" name="loginMultipleUsers" finished-at="2025-11-08T17:47:57 IST" duration-ms="34231" status="PASS">
          <reporter-output>
          </reporter-output>
        </test-method> <!-- loginMultipleUsers -->
      </class> <!-- Excel_To_Login_multiple.LoginTest_new -->
    </test> <!-- Default test -->
  </suite> <!-- Default suite -->
</testng-results>
