<?xml version="1.0" encoding="UTF-8"?>
<!-- Generated by org.testng.reporters.JUnitReportReporter -->
<testsuite hostname="DESKTOP-J9E3KMC" failures="0" tests="4" name="OREX.Profile_Flow" time="33.099" errors="0" timestamp="2025-10-24T11:29:37 IST" skipped="0">
  <testcase classname="OREX.Profile_Flow" name="service" time="5.403"/>
  <testcase classname="OREX.Profile_Flow" name="certificate" time="2.277"/>
  <testcase classname="OREX.Profile_Flow" name="companyinfo" time="14.194"/>
  <testcase classname="OREX.Profile_Flow" name="staffinfo" time="11.225"/>
</testsuite> <!-- OREX.Profile_Flow -->
