<?xml version="1.0" encoding="UTF-8"?>
<!-- Generated by org.testng.reporters.JUnitReportReporter -->
<testsuite hostname="DESKTOP-J9E3KMC" failures="0" tests="3" name="OREX.Other_modules" time="32.403" errors="0" timestamp="2025-10-24T11:29:37 IST" skipped="0">
  <testcase classname="OREX.Other_modules" name="referenceinfo" time="4.493"/>
  <testcase classname="OREX.Other_modules" name="otherinfo" time="20.609"/>
  <testcase classname="OREX.Other_modules" name="promotion" time="7.301"/>
</testsuite> <!-- OREX.Other_modules -->
